<?xml version="1.0" encoding="UTF-8"?>
<!-- Generated by org.testng.reporters.JUnitReportReporter -->
<testsuite hostname="DESKTOP-P66NOTJ" failures="0" tests="1" name="EPAM.Selenium.ErrorValidations" time="9.283" errors="0" timestamp="2024-05-28T20:28:54 IST" skipped="0">
  <testcase classname="EPAM.Selenium.ErrorValidations" name="SubmitOrderTest" time="9.283"/>
  <system-out/>
</testsuite> <!-- EPAM.Selenium.ErrorValidations -->
