<?xml version="1.0" encoding="UTF-8"?>
<!-- Generated by org.testng.reporters.JUnitReportReporter -->
<testsuite hostname="DESKTOP-P66NOTJ" failures="0" tests="2" name="EPAM.Selenium.SubmitOrderTest" time="29.541" errors="0" timestamp="2024-05-28T20:28:54 IST" skipped="0">
  <testcase classname="EPAM.Selenium.SubmitOrderTest" name="SubmitOrderTest" time="19.296"/>
  <system-out/>
  <testcase classname="EPAM.Selenium.SubmitOrderTest" name="OrderHistoryTest" time="10.245"/>
  <system-out/>
</testsuite> <!-- EPAM.Selenium.SubmitOrderTest -->
